<?xml version="1.0" encoding="UTF-8"?>
<!-- Generated by org.testng.reporters.JUnitReportReporter -->
<testsuite hostname="Mypc" name="com.orgHRM.driver.keywordriven" tests="1" failures="0" timestamp="12 Jul 2016 11:37:20 GMT" time="96.341" errors="0">
  <testcase name="driverscript" time="96.341" classname="com.orgHRM.driver.keywordriven"/>
</testsuite> <!-- com.orgHRM.driver.keywordriven -->
