<?xml version="1.0" encoding="UTF-8"?>
<!-- Generated by org.testng.reporters.JUnitReportReporter -->
<testsuite hostname="Mypc" name="com.orgHRM.driver.hybrid" tests="1" failures="0" timestamp="12 Jul 2016 11:54:16 GMT" time="138.321" errors="0">
  <testcase name="driver" time="138.321" classname="com.orgHRM.driver.hybrid"/>
</testsuite> <!-- com.orgHRM.driver.hybrid -->
