<?xml version="1.0" encoding="UTF-8"?>
<!-- Generated by org.testng.reporters.JUnitReportReporter -->
<testsuite hostname="Mypc" name="com.orgHRM.Testng.basicAnnotations" tests="3" failures="0" timestamp="11 Jul 2016 11:44:08 GMT" time="0.070" errors="0">
  <testcase name="a" time="0.031" classname="com.orgHRM.Testng.basicAnnotations"/>
  <testcase name="function1" time="0.024" classname="com.orgHRM.Testng.basicAnnotations"/>
  <testcase name="function2" time="0.015" classname="com.orgHRM.Testng.basicAnnotations"/>
</testsuite> <!-- com.orgHRM.Testng.basicAnnotations -->
