<?xml version="1.0" encoding="UTF-8"?>
<!-- Generated by org.testng.reporters.JUnitReportReporter -->
<testsuite hostname="Mypc" name="com.orgHRM.Grid.grideg2" tests="3" failures="0" timestamp="13 Jul 2016 12:02:31 GMT" time="154.473" errors="0">
  <testcase name="grid" time="63.776" classname="com.orgHRM.Grid.grideg2"/>
  <testcase name="grid" time="30.883" classname="com.orgHRM.Grid.grideg2"/>
  <testcase name="grid" time="59.814" classname="com.orgHRM.Grid.grideg2"/>
</testsuite> <!-- com.orgHRM.Grid.grideg2 -->
