<?xml version="1.0" encoding="UTF-8"?>
<!-- Generated by org.testng.reporters.JUnitReportReporter -->
<testsuite hostname="Mypc" name="com.orgHRM.Testng.empregtest" tests="1" failures="0" timestamp="11 Jul 2016 12:21:17 GMT" time="11.249" errors="0">
  <testcase name="org_Empreg" time="11.249" classname="com.orgHRM.Testng.empregtest"/>
</testsuite> <!-- com.orgHRM.Testng.empregtest -->
