<?xml version="1.0" encoding="UTF-8"?>
<!-- Generated by org.testng.reporters.JUnitReportReporter -->
<testsuite hostname="Mypc" name="com.orgHRM.Grid.grideg1" tests="1" failures="0" timestamp="13 Jul 2016 11:46:37 GMT" time="39.696" errors="0">
  <testcase name="grid1" time="39.696" classname="com.orgHRM.Grid.grideg1"/>
</testsuite> <!-- com.orgHRM.Grid.grideg1 -->
