<?xml version="1.0" encoding="UTF-8"?>
<!-- Generated by org.testng.reporters.JUnitReportReporter -->
<testsuite hostname="Mypc" name="com.orgHRM.pages.loginTC" tests="1" failures="0" timestamp="12 Jul 2016 12:20:41 GMT" time="43.176" errors="0">
  <testcase name="login" time="43.176" classname="com.orgHRM.pages.loginTC"/>
</testsuite> <!-- com.orgHRM.pages.loginTC -->
